This is pdfTeX, Version 3.141592653-2.6-1.40.25 (MiKTeX 24.1) (preloaded format=pdflatex.fmt)
 restricted \write18 enabled.
entering extended mode
(factura_716463.tex
LaTeX2e <2023-11-01> patch level 1
L3 programming layer <2024-01-04>
(C:\Program Files\MiKTeX\tex/latex/base\article.cls
Document Class: article 2023/05/17 v1.4n Standard LaTeX document class
(C:\Program Files\MiKTeX\tex/latex/base\size12.clo))
(C:\Program Files\MiKTeX\tex/latex/base\inputenc.sty)
(C:\Users\Sam\AppData\Roaming\MiKTeX\tex/latex/geometry\geometry.sty
(C:\Program Files\MiKTeX\tex/latex/graphics\keyval.sty)
(C:\Program Files\MiKTeX\tex/generic/iftex\ifvtex.sty
(C:\Program Files\MiKTeX\tex/generic/iftex\iftex.sty))
(C:\Users\Sam\AppData\Roaming\MiKTeX\tex/latex/geometry\geometry.cfg))
(C:\Program Files\MiKTeX\tex/latex/graphics\graphicx.sty
(C:\Program Files\MiKTeX\tex/latex/graphics\graphics.sty
(C:\Program Files\MiKTeX\tex/latex/graphics\trig.sty)
(C:\Program Files\MiKTeX\tex/latex/graphics-cfg\graphics.cfg)
(C:\Program Files\MiKTeX\tex/latex/graphics-def\pdftex.def)))
(C:\Users\Sam\AppData\Roaming\MiKTeX\tex/latex/fancyhdr\fancyhdr.sty)
(C:\Users\Sam\AppData\Roaming\MiKTeX\tex/latex/lastpage\lastpage.sty
(C:\Users\Sam\AppData\Roaming\MiKTeX\tex/latex/lastpage\lastpage2e.sty
(C:\Users\Sam\AppData\Roaming\MiKTeX\tex/latex/lastpage\lastpageclassic.sty) 
)) (C:\Program Files\MiKTeX\tex/latex/graphics\color.sty
(C:\Program Files\MiKTeX\tex/latex/graphics-cfg\color.cfg)
(C:\Program Files\MiKTeX\tex/latex/graphics\mathcolor.ltx))
(C:\Users\Sam\AppData\Roaming\MiKTeX\tex/latex/titlesec\titlesec.sty)
(C:\Program Files\MiKTeX\tex/latex/tools\array.sty)
(C:\Program Files\MiKTeX\tex/latex/tools\longtable.sty)
(C:\Program Files\MiKTeX\tex/latex/hyperref\hyperref.sty
(C:\Users\Sam\AppData\Roaming\MiKTeX\tex/generic/infwarerr\infwarerr.sty)
(C:\Users\Sam\AppData\Roaming\MiKTeX\tex/latex/kvsetkeys\kvsetkeys.sty)
(C:\Users\Sam\AppData\Roaming\MiKTeX\tex/generic/kvdefinekeys\kvdefinekeys.sty)
 (C:\Users\Sam\AppData\Roaming\MiKTeX\tex/generic/pdfescape\pdfescape.sty
(C:\Users\Sam\AppData\Roaming\MiKTeX\tex/generic/ltxcmds\ltxcmds.sty)
(C:\Program Files\MiKTeX\tex/generic/pdftexcmds\pdftexcmds.sty))
(C:\Users\Sam\AppData\Roaming\MiKTeX\tex/latex/hycolor\hycolor.sty)
(C:\Users\Sam\AppData\Roaming\MiKTeX\tex/latex/letltxmacro\letltxmacro.sty)
(C:\Users\Sam\AppData\Roaming\MiKTeX\tex/latex/auxhook\auxhook.sty)
(C:\Program Files\MiKTeX\tex/latex/hyperref\nameref.sty
(C:\Users\Sam\AppData\Roaming\MiKTeX\tex/latex/refcount\refcount.sty)
(C:\Users\Sam\AppData\Roaming\MiKTeX\tex/generic/gettitlestring\gettitlestring.
sty (C:\Users\Sam\AppData\Roaming\MiKTeX\tex/latex/kvoptions\kvoptions.sty)))
(C:\Program Files\MiKTeX\tex/latex/etoolbox\etoolbox.sty)
(C:\Program Files\MiKTeX\tex/latex/hyperref\pd1enc.def)
(C:\Users\Sam\AppData\Roaming\MiKTeX\tex/generic/intcalc\intcalc.sty)
(C:\Program Files\MiKTeX\tex/latex/hyperref\puenc.def)
(C:\Program Files\MiKTeX\tex/latex/url\url.sty)
(C:\Users\Sam\AppData\Roaming\MiKTeX\tex/generic/bitset\bitset.sty
(C:\Users\Sam\AppData\Roaming\MiKTeX\tex/generic/bigintcalc\bigintcalc.sty))
(C:\Program Files\MiKTeX\tex/latex/base\atbegshi-ltx.sty))
(C:\Program Files\MiKTeX\tex/latex/hyperref\hpdftex.def
(C:\Program Files\MiKTeX\tex/latex/base\atveryend-ltx.sty)
(C:\Users\Sam\AppData\Roaming\MiKTeX\tex/latex/rerunfilecheck\rerunfilecheck.st
y
(C:\Users\Sam\AppData\Roaming\MiKTeX\tex/generic/uniquecounter\uniquecounter.st
y))) (C:\Program Files\MiKTeX\tex/latex/tools\tabularx.sty)
(C:\Users\Sam\AppData\Roaming\MiKTeX\tex/latex/colortbl\colortbl.sty)
(C:\Program Files\MiKTeX\tex/latex/xcolor\xcolor.sty
(C:\Program Files\MiKTeX\tex/latex/graphics-cfg\color.cfg)
(C:\Program Files\MiKTeX\tex/latex/graphics\mathcolor.ltx))
(C:\Program Files\MiKTeX\tex/latex/l3backend\l3backend-pdftex.def)
No file factura_716463.aux.
*geometry* driver: auto-detecting
*geometry* detected driver: pdftex
(C:\Program Files\MiKTeX\tex/context/base/mkii\supp-pdf.mkii
[Loading MPS to PDF converter (version 2006.09.02).]
) (C:\Program Files\MiKTeX\tex/latex/epstopdf-pkg\epstopdf-base.sty
(C:\Program Files\MiKTeX\tex/latex/00miktex\epstopdf-sys.cfg))
! Undefined control sequence.
<argument> ...rtpbox {\@nextchar }\insert@pcolumn 
                                                  \@endpbox \do@row@strut \o...
l.53 \end{tabularx}
                   
! Undefined control sequence.
<argument> ...rtpbox {\@nextchar }\insert@pcolumn 
                                                  \@endpbox \do@row@strut \o...
l.53 \end{tabularx}
                   
! Missing # inserted in alignment preamble.
<to be read again> 
                   &
l.53 \end{tabularx}
                   
! Missing # inserted in alignment preamble.
<to be read again> 
                   \cr 
l.53 \end{tabularx}
                   
! Undefined control sequence.
<argument> ...rtpbox {\@nextchar }\insert@pcolumn 
                                                  \@endpbox \do@row@strut \o...
l.53 \end{tabularx}
                   
! Undefined control sequence.
<argument> ...rtpbox {\@nextchar }\insert@pcolumn 
                                                  \@endpbox \do@row@strut \o...
l.53 \end{tabularx}
                   
! Missing # inserted in alignment preamble.
<to be read again> 
                   &
l.53 \end{tabularx}
                   
! Missing # inserted in alignment preamble.
<to be read again> 
                   \cr 
l.53 \end{tabularx}
                   
! Undefined control sequence.
<argument> ...rtpbox {\@nextchar }\insert@pcolumn 
                                                  \@endpbox \do@row@strut \o...
l.53 \end{tabularx}
                   
! Undefined control sequence.
<argument> ...rtpbox {\@nextchar }\insert@pcolumn 
                                                  \@endpbox \do@row@strut \o...
l.53 \end{tabularx}
                   
! Missing # inserted in alignment preamble.
<to be read again> 
                   &
l.53 \end{tabularx}
                   
! Missing # inserted in alignment preamble.
<to be read again> 
                   \cr 
l.53 \end{tabularx}
                   

Overfull \hbox (364.08139pt too wide) in alignment at lines 53--53
[][] 
! Undefined control sequence.
<argument> ...rtpbox {\@nextchar }\insert@pcolumn 
                                                  \@endpbox \do@row@strut \o...
l.68 \end{tabularx}
                   
! Undefined control sequence.
<argument> ...rtpbox {\@nextchar }\insert@pcolumn 
                                                  \@endpbox \do@row@strut \o...
l.68 \end{tabularx}
                   
! Missing # inserted in alignment preamble.
<to be read again> 
                   &
l.68 \end{tabularx}
                   
! Missing # inserted in alignment preamble.
<to be read again> 
                   \cr 
l.68 \end{tabularx}
                   
! Undefined control sequence.
<argument> ...rtpbox {\@nextchar }\insert@pcolumn 
                                                  \@endpbox \do@row@strut \o...
l.68 \end{tabularx}
                   
! Undefined control sequence.
<argument> ...rtpbox {\@nextchar }\insert@pcolumn 
                                                  \@endpbox \do@row@strut \o...
l.68 \end{tabularx}
                   
! Missing # inserted in alignment preamble.
<to be read again> 
                   &
l.68 \end{tabularx}
                   
! Missing # inserted in alignment preamble.
<to be read again> 
                   \cr 
l.68 \end{tabularx}
                   
! Undefined control sequence.
<argument> ...rtpbox {\@nextchar }\insert@pcolumn 
                                                  \@endpbox \do@row@strut \o...
l.68 \end{tabularx}
                   
! Undefined control sequence.
<argument> ...rtpbox {\@nextchar }\insert@pcolumn 
                                                  \@endpbox \do@row@strut \o...
l.68 \end{tabularx}
                   
! Missing # inserted in alignment preamble.
<to be read again> 
                   &
l.68 \end{tabularx}
                   
! Missing # inserted in alignment preamble.
<to be read again> 
                   \cr 
l.68 \end{tabularx}
                   

Overfull \hbox (236.65353pt too wide) in alignment at lines 68--68
[][] 

Package lastpage Warning: Rerun to get the references right on input line 83.


AED: lastpage setting LastPage

Package fancyhdr Warning: \headheight is too small (12.0pt): 
(fancyhdr)                Make it at least 14.49998pt, for example:
(fancyhdr)                \setlength{\headheight}{14.49998pt}.
(fancyhdr)                You might also make \topmargin smaller:
(fancyhdr)                \addtolength{\topmargin}{-2.49998pt}.


LaTeX Warning: Reference `LastPage' on page 1 undefined on input line 83.

[1{C:/Users/Sam/AppData/Local/MiKTeX/fonts/map/pdftex/pdftex.map}]
(S:\Samantha\Escritorio\IRSI\Scripting\proyecto_facturacion_Scripting\data\fact
uras_pdf\factura_716463.aux)

LaTeX Warning: There were undefined references.


LaTeX Warning: Label(s) may have changed. Rerun to get cross-references right.


Package rerunfilecheck Warning: File `factura_716463.out' has changed.
(rerunfilecheck)                Rerun to get outlines right
(rerunfilecheck)                or use package `bookmark'.

 )
(see the transcript file for additional information) <C:\Users\Sam\AppData\Loca
l\MiKTeX\fonts/pk/ljfour/jknappen/ec/dpi600\tcrm1200.pk><C:/Program Files/MiKTe
X/fonts/type1/public/amsfonts/cm/cmbx12.pfb><C:/Program Files/MiKTeX/fonts/type
1/public/amsfonts/cm/cmr12.pfb><C:/Program Files/MiKTeX/fonts/type1/public/amsf
onts/cm/cmti12.pfb>
Output written on S:\Samantha\Escritorio\IRSI\Scripting\proyecto_facturacion_Sc
ripting\data\facturas_pdf\factura_716463.pdf (1 page, 48757 bytes).
Transcript written on S:\Samantha\Escritorio\IRSI\Scripting\proyecto_facturacio
n_Scripting\data\facturas_pdf\factura_716463.log.
pdflatex: major issue: So far, no MiKTeX administrator has checked for updates.
